<?xml version="1.0" encoding="UTF-8"?>
<testsuite name="gal.usc.grei.cn.carrito.CarritoApplicationTests" tests="1" skipped="0" failures="0" errors="0" timestamp="2022-12-17T18:04:12" hostname="LG-GRAM" time="0.306">
  <properties/>
  <testcase name="contextLoads()" classname="gal.usc.grei.cn.carrito.CarritoApplicationTests" time="0.306"/>
  <system-out><![CDATA[19:04:10.002 [Test worker] DEBUG org.springframework.test.context.BootstrapUtils - Instantiating CacheAwareContextLoaderDelegate from class [org.springframework.test.context.cache.DefaultCacheAwareContextLoaderDelegate]
19:04:10.018 [Test worker] DEBUG org.springframework.test.context.BootstrapUtils - Instantiating BootstrapContext using constructor [public org.springframework.test.context.support.DefaultBootstrapContext(java.lang.Class,org.springframework.test.context.CacheAwareContextLoaderDelegate)]
19:04:10.059 [Test worker] DEBUG org.springframework.test.context.BootstrapUtils - Instantiating TestContextBootstrapper for test class [gal.usc.grei.cn.carrito.CarritoApplicationTests] from class [org.springframework.boot.test.context.SpringBootTestContextBootstrapper]
19:04:10.074 [Test worker] INFO org.springframework.boot.test.context.SpringBootTestContextBootstrapper - Neither @ContextConfiguration nor @ContextHierarchy found for test class [gal.usc.grei.cn.carrito.CarritoApplicationTests], using SpringBootContextLoader
19:04:10.077 [Test worker] DEBUG org.springframework.test.context.support.AbstractContextLoader - Did not detect default resource location for test class [gal.usc.grei.cn.carrito.CarritoApplicationTests]: class path resource [gal/usc/grei/cn/carrito/CarritoApplicationTests-context.xml] does not exist
19:04:10.078 [Test worker] DEBUG org.springframework.test.context.support.AbstractContextLoader - Did not detect default resource location for test class [gal.usc.grei.cn.carrito.CarritoApplicationTests]: class path resource [gal/usc/grei/cn/carrito/CarritoApplicationTestsContext.groovy] does not exist
19:04:10.078 [Test worker] INFO org.springframework.test.context.support.AbstractContextLoader - Could not detect default resource locations for test class [gal.usc.grei.cn.carrito.CarritoApplicationTests]: no resource found for suffixes {-context.xml, Context.groovy}.
19:04:10.078 [Test worker] INFO org.springframework.test.context.support.AnnotationConfigContextLoaderUtils - Could not detect default configuration classes for test class [gal.usc.grei.cn.carrito.CarritoApplicationTests]: CarritoApplicationTests does not declare any static, non-private, non-final, nested classes annotated with @Configuration.
19:04:10.125 [Test worker] DEBUG org.springframework.test.context.support.ActiveProfilesUtils - Could not find an 'annotation declaring class' for annotation type [org.springframework.test.context.ActiveProfiles] and class [gal.usc.grei.cn.carrito.CarritoApplicationTests]
19:04:10.180 [Test worker] DEBUG org.springframework.context.annotation.ClassPathScanningCandidateComponentProvider - Identified candidate component class: file [C:\Users\teres\Desktop\ING. INFORMÁTICA\4\computacionnube\p8\compras_cd\compraMicroservicios\carrito (1)\Carrito\build\classes\java\main\gal\usc\grei\cn\carrito\CarritoApplication.class]
19:04:10.182 [Test worker] INFO org.springframework.boot.test.context.SpringBootTestContextBootstrapper - Found @SpringBootConfiguration gal.usc.grei.cn.carrito.CarritoApplication for test class gal.usc.grei.cn.carrito.CarritoApplicationTests
19:04:10.260 [Test worker] DEBUG org.springframework.boot.test.context.SpringBootTestContextBootstrapper - @TestExecutionListeners is not present for class [gal.usc.grei.cn.carrito.CarritoApplicationTests]: using defaults.
19:04:10.261 [Test worker] INFO org.springframework.boot.test.context.SpringBootTestContextBootstrapper - Loaded default TestExecutionListener class names from location [META-INF/spring.factories]: [org.springframework.boot.test.autoconfigure.restdocs.RestDocsTestExecutionListener, org.springframework.boot.test.autoconfigure.web.client.MockRestServiceServerResetTestExecutionListener, org.springframework.boot.test.autoconfigure.web.servlet.MockMvcPrintOnlyOnFailureTestExecutionListener, org.springframework.boot.test.autoconfigure.web.servlet.WebDriverTestExecutionListener, org.springframework.boot.test.autoconfigure.webservices.client.MockWebServiceServerTestExecutionListener, org.springframework.boot.test.mock.mockito.MockitoTestExecutionListener, org.springframework.boot.test.mock.mockito.ResetMocksTestExecutionListener, org.springframework.test.context.web.ServletTestExecutionListener, org.springframework.test.context.support.DirtiesContextBeforeModesTestExecutionListener, org.springframework.test.context.event.ApplicationEventsTestExecutionListener, org.springframework.test.context.support.DependencyInjectionTestExecutionListener, org.springframework.test.context.support.DirtiesContextTestExecutionListener, org.springframework.test.context.transaction.TransactionalTestExecutionListener, org.springframework.test.context.jdbc.SqlScriptsTestExecutionListener, org.springframework.test.context.event.EventPublishingTestExecutionListener]
19:04:10.272 [Test worker] INFO org.springframework.boot.test.context.SpringBootTestContextBootstrapper - Using TestExecutionListeners: [org.springframework.test.context.web.ServletTestExecutionListener@267f474e, org.springframework.test.context.support.DirtiesContextBeforeModesTestExecutionListener@7a7471ce, org.springframework.test.context.event.ApplicationEventsTestExecutionListener@28276e50, org.springframework.boot.test.mock.mockito.MockitoTestExecutionListener@62e70ea3, org.springframework.boot.test.autoconfigure.SpringBootDependencyInjectionTestExecutionListener@3efe7086, org.springframework.test.context.support.DirtiesContextTestExecutionListener@675d8c96, org.springframework.test.context.transaction.TransactionalTestExecutionListener@741b3bc3, org.springframework.test.context.jdbc.SqlScriptsTestExecutionListener@2ed3b1f5, org.springframework.test.context.event.EventPublishingTestExecutionListener@63648ee9, org.springframework.boot.test.autoconfigure.restdocs.RestDocsTestExecutionListener@68d6972f, org.springframework.boot.test.autoconfigure.web.client.MockRestServiceServerResetTestExecutionListener@45be7cd5, org.springframework.boot.test.autoconfigure.web.servlet.MockMvcPrintOnlyOnFailureTestExecutionListener@7651218e, org.springframework.boot.test.autoconfigure.web.servlet.WebDriverTestExecutionListener@3185fa6b, org.springframework.boot.test.autoconfigure.webservices.client.MockWebServiceServerTestExecutionListener@6d366c9b, org.springframework.boot.test.mock.mockito.ResetMocksTestExecutionListener@5b58ed3c]
19:04:10.275 [Test worker] DEBUG org.springframework.test.context.support.AbstractDirtiesContextTestExecutionListener - Before test class: context [DefaultTestContext@68759011 testClass = CarritoApplicationTests, testInstance = [null], testMethod = [null], testException = [null], mergedContextConfiguration = [WebMergedContextConfiguration@7e242b4d testClass = CarritoApplicationTests, locations = '{}', classes = '{class gal.usc.grei.cn.carrito.CarritoApplication}', contextInitializerClasses = '[]', activeProfiles = '{}', propertySourceLocations = '{}', propertySourceProperties = '{org.springframework.boot.test.context.SpringBootTestContextBootstrapper=true}', contextCustomizers = set[org.springframework.boot.test.autoconfigure.actuate.metrics.MetricsExportContextCustomizerFactory$DisableMetricExportContextCustomizer@4f9a2c08, org.springframework.boot.test.autoconfigure.properties.PropertyMappingContextCustomizer@0, org.springframework.boot.test.autoconfigure.web.servlet.WebDriverContextCustomizerFactory$Customizer@2ea6e30c, org.springframework.boot.test.context.filter.ExcludeFilterContextCustomizer@7803bfd, org.springframework.boot.test.json.DuplicateJsonObjectContextCustomizerFactory$DuplicateJsonObjectContextCustomizer@62ef27a8, org.springframework.boot.test.mock.mockito.MockitoContextCustomizer@0, org.springframework.boot.test.web.client.TestRestTemplateContextCustomizer@71c27ee8, org.springframework.boot.test.context.SpringBootTestArgs@1, org.springframework.boot.test.context.SpringBootTestWebEnvironment@1b1426f4], resourceBasePath = 'src/main/webapp', contextLoader = 'org.springframework.boot.test.context.SpringBootContextLoader', parent = [null]], attributes = map['org.springframework.test.context.web.ServletTestExecutionListener.activateListener' -> true]], class annotated with @DirtiesContext [false] with mode [null].
19:04:10.298 [Test worker] DEBUG org.springframework.test.context.support.TestPropertySourceUtils - Adding inlined properties to environment: {spring.jmx.enabled=false, org.springframework.boot.test.context.SpringBootTestContextBootstrapper=true}

  .   ____          _            __ _ _
 /\\ / ___'_ __ _ _(_)_ __  __ _ \ \ \ \
( ( )\___ | '_ | '_| | '_ \/ _` | \ \ \ \
 \\/  ___)| |_)| | | | | || (_| |  ) ) ) )
  '  |____| .__|_| |_|_| |_\__, | / / / /
 =========|_|==============|___/=/_/_/_/
 :: Spring Boot ::                (v2.4.5)

2022-12-17 19:04:10.522  INFO 8536 --- [    Test worker] g.u.g.c.carrito.CarritoApplicationTests  : Starting CarritoApplicationTests using Java 17.0.5 on LG-Gram with PID 8536 (started by teres in C:\Users\teres\Desktop\ING. INFORMÁTICA\4\computacionnube\p8\compras_cd\compraMicroservicios\carrito (1)\Carrito)
2022-12-17 19:04:10.525  INFO 8536 --- [    Test worker] g.u.g.c.carrito.CarritoApplicationTests  : No active profile set, falling back to default profiles: default
2022-12-17 19:04:11.111  INFO 8536 --- [    Test worker] .s.d.r.c.RepositoryConfigurationDelegate : Bootstrapping Spring Data MongoDB repositories in DEFAULT mode.
2022-12-17 19:04:11.156  INFO 8536 --- [    Test worker] .s.d.r.c.RepositoryConfigurationDelegate : Finished Spring Data repository scanning in 41 ms. Found 1 MongoDB repository interfaces.
2022-12-17 19:04:11.506  INFO 8536 --- [    Test worker] org.mongodb.driver.cluster               : Cluster created with settings {hosts=[tienda_cds:27017], mode=SINGLE, requiredClusterType=UNKNOWN, serverSelectionTimeout='30000 ms'}
2022-12-17 19:04:12.162  INFO 8536 --- [    Test worker] o.s.s.concurrent.ThreadPoolTaskExecutor  : Initializing ExecutorService 'applicationTaskExecutor'
2022-12-17 19:04:12.950  INFO 8536 --- [    Test worker] g.u.g.c.carrito.CarritoApplicationTests  : Started CarritoApplicationTests in 2.645 seconds (JVM running for 3.643)
]]></system-out>
  <system-err><![CDATA[]]></system-err>
</testsuite>
