<?xml version="1.0" encoding="UTF-8"?>
<testsuite name="gal.usc.grei.cn.compra_cd.PreciosApplicationTests" tests="1" skipped="0" failures="0" errors="0" timestamp="2022-12-17T17:58:00" hostname="LG-GRAM" time="0.457">
  <properties/>
  <testcase name="contextLoads()" classname="gal.usc.grei.cn.compra_cd.PreciosApplicationTests" time="0.457"/>
  <system-out><![CDATA[18:57:57.196 [Test worker] DEBUG org.springframework.test.context.BootstrapUtils - Instantiating CacheAwareContextLoaderDelegate from class [org.springframework.test.context.cache.DefaultCacheAwareContextLoaderDelegate]
18:57:57.206 [Test worker] DEBUG org.springframework.test.context.BootstrapUtils - Instantiating BootstrapContext using constructor [public org.springframework.test.context.support.DefaultBootstrapContext(java.lang.Class,org.springframework.test.context.CacheAwareContextLoaderDelegate)]
18:57:57.235 [Test worker] DEBUG org.springframework.test.context.BootstrapUtils - Instantiating TestContextBootstrapper for test class [gal.usc.grei.cn.compra_cd.PreciosApplicationTests] from class [org.springframework.boot.test.context.SpringBootTestContextBootstrapper]
18:57:57.244 [Test worker] INFO org.springframework.boot.test.context.SpringBootTestContextBootstrapper - Neither @ContextConfiguration nor @ContextHierarchy found for test class [gal.usc.grei.cn.compra_cd.PreciosApplicationTests], using SpringBootContextLoader
18:57:57.248 [Test worker] DEBUG org.springframework.test.context.support.AbstractContextLoader - Did not detect default resource location for test class [gal.usc.grei.cn.compra_cd.PreciosApplicationTests]: class path resource [gal/usc/grei/cn/compra_cd/PreciosApplicationTests-context.xml] does not exist
18:57:57.248 [Test worker] DEBUG org.springframework.test.context.support.AbstractContextLoader - Did not detect default resource location for test class [gal.usc.grei.cn.compra_cd.PreciosApplicationTests]: class path resource [gal/usc/grei/cn/compra_cd/PreciosApplicationTestsContext.groovy] does not exist
18:57:57.248 [Test worker] INFO org.springframework.test.context.support.AbstractContextLoader - Could not detect default resource locations for test class [gal.usc.grei.cn.compra_cd.PreciosApplicationTests]: no resource found for suffixes {-context.xml, Context.groovy}.
18:57:57.249 [Test worker] INFO org.springframework.test.context.support.AnnotationConfigContextLoaderUtils - Could not detect default configuration classes for test class [gal.usc.grei.cn.compra_cd.PreciosApplicationTests]: PreciosApplicationTests does not declare any static, non-private, non-final, nested classes annotated with @Configuration.
18:57:57.284 [Test worker] DEBUG org.springframework.test.context.support.ActiveProfilesUtils - Could not find an 'annotation declaring class' for annotation type [org.springframework.test.context.ActiveProfiles] and class [gal.usc.grei.cn.compra_cd.PreciosApplicationTests]
18:57:57.338 [Test worker] DEBUG org.springframework.context.annotation.ClassPathScanningCandidateComponentProvider - Identified candidate component class: file [C:\Users\teres\Desktop\ING. INFORMÁTICA\4\computacionnube\p8\compras_cd\compraMicroservicios\usuarios_cd\build\classes\java\main\gal\usc\grei\cn\compra_cd\ComprasApplication.class]
18:57:57.339 [Test worker] INFO org.springframework.boot.test.context.SpringBootTestContextBootstrapper - Found @SpringBootConfiguration gal.usc.grei.cn.compra_cd.ComprasApplication for test class gal.usc.grei.cn.compra_cd.PreciosApplicationTests
18:57:57.423 [Test worker] DEBUG org.springframework.boot.test.context.SpringBootTestContextBootstrapper - @TestExecutionListeners is not present for class [gal.usc.grei.cn.compra_cd.PreciosApplicationTests]: using defaults.
18:57:57.423 [Test worker] INFO org.springframework.boot.test.context.SpringBootTestContextBootstrapper - Loaded default TestExecutionListener class names from location [META-INF/spring.factories]: [org.springframework.boot.test.autoconfigure.restdocs.RestDocsTestExecutionListener, org.springframework.boot.test.autoconfigure.web.client.MockRestServiceServerResetTestExecutionListener, org.springframework.boot.test.autoconfigure.web.servlet.MockMvcPrintOnlyOnFailureTestExecutionListener, org.springframework.boot.test.autoconfigure.web.servlet.WebDriverTestExecutionListener, org.springframework.boot.test.autoconfigure.webservices.client.MockWebServiceServerTestExecutionListener, org.springframework.boot.test.mock.mockito.MockitoTestExecutionListener, org.springframework.boot.test.mock.mockito.ResetMocksTestExecutionListener, org.springframework.test.context.web.ServletTestExecutionListener, org.springframework.test.context.support.DirtiesContextBeforeModesTestExecutionListener, org.springframework.test.context.event.ApplicationEventsTestExecutionListener, org.springframework.test.context.support.DependencyInjectionTestExecutionListener, org.springframework.test.context.support.DirtiesContextTestExecutionListener, org.springframework.test.context.transaction.TransactionalTestExecutionListener, org.springframework.test.context.jdbc.SqlScriptsTestExecutionListener, org.springframework.test.context.event.EventPublishingTestExecutionListener]
18:57:57.437 [Test worker] INFO org.springframework.boot.test.context.SpringBootTestContextBootstrapper - Using TestExecutionListeners: [org.springframework.test.context.web.ServletTestExecutionListener@28276e50, org.springframework.test.context.support.DirtiesContextBeforeModesTestExecutionListener@62e70ea3, org.springframework.test.context.event.ApplicationEventsTestExecutionListener@3efe7086, org.springframework.boot.test.mock.mockito.MockitoTestExecutionListener@675d8c96, org.springframework.boot.test.autoconfigure.SpringBootDependencyInjectionTestExecutionListener@741b3bc3, org.springframework.test.context.support.DirtiesContextTestExecutionListener@2ed3b1f5, org.springframework.test.context.transaction.TransactionalTestExecutionListener@63648ee9, org.springframework.test.context.jdbc.SqlScriptsTestExecutionListener@68d6972f, org.springframework.test.context.event.EventPublishingTestExecutionListener@45be7cd5, org.springframework.boot.test.autoconfigure.restdocs.RestDocsTestExecutionListener@7651218e, org.springframework.boot.test.autoconfigure.web.client.MockRestServiceServerResetTestExecutionListener@3185fa6b, org.springframework.boot.test.autoconfigure.web.servlet.MockMvcPrintOnlyOnFailureTestExecutionListener@6d366c9b, org.springframework.boot.test.autoconfigure.web.servlet.WebDriverTestExecutionListener@5b58ed3c, org.springframework.boot.test.autoconfigure.webservices.client.MockWebServiceServerTestExecutionListener@24faea88, org.springframework.boot.test.mock.mockito.ResetMocksTestExecutionListener@3a320ade]
18:57:57.440 [Test worker] DEBUG org.springframework.test.context.support.AbstractDirtiesContextTestExecutionListener - Before test class: context [DefaultTestContext@305f031 testClass = PreciosApplicationTests, testInstance = [null], testMethod = [null], testException = [null], mergedContextConfiguration = [WebMergedContextConfiguration@592e843a testClass = PreciosApplicationTests, locations = '{}', classes = '{class gal.usc.grei.cn.compra_cd.ComprasApplication}', contextInitializerClasses = '[]', activeProfiles = '{}', propertySourceLocations = '{}', propertySourceProperties = '{org.springframework.boot.test.context.SpringBootTestContextBootstrapper=true}', contextCustomizers = set[org.springframework.boot.test.autoconfigure.actuate.metrics.MetricsExportContextCustomizerFactory$DisableMetricExportContextCustomizer@5443d039, org.springframework.boot.test.autoconfigure.properties.PropertyMappingContextCustomizer@0, org.springframework.boot.test.autoconfigure.web.servlet.WebDriverContextCustomizerFactory$Customizer@2dcd168a, org.springframework.boot.test.context.filter.ExcludeFilterContextCustomizer@531f4093, org.springframework.boot.test.json.DuplicateJsonObjectContextCustomizerFactory$DuplicateJsonObjectContextCustomizer@460ebd80, org.springframework.boot.test.mock.mockito.MockitoContextCustomizer@0, org.springframework.boot.test.web.client.TestRestTemplateContextCustomizer@5b1ebf56, org.springframework.boot.test.context.SpringBootTestArgs@1, org.springframework.boot.test.context.SpringBootTestWebEnvironment@581ac8a8], resourceBasePath = 'src/main/webapp', contextLoader = 'org.springframework.boot.test.context.SpringBootContextLoader', parent = [null]], attributes = map['org.springframework.test.context.web.ServletTestExecutionListener.activateListener' -> true]], class annotated with @DirtiesContext [false] with mode [null].
18:57:57.469 [Test worker] DEBUG org.springframework.test.context.support.TestPropertySourceUtils - Adding inlined properties to environment: {spring.jmx.enabled=false, org.springframework.boot.test.context.SpringBootTestContextBootstrapper=true}

  .   ____          _            __ _ _
 /\\ / ___'_ __ _ _(_)_ __  __ _ \ \ \ \
( ( )\___ | '_ | '_| | '_ \/ _` | \ \ \ \
 \\/  ___)| |_)| | | | | || (_| |  ) ) ) )
  '  |____| .__|_| |_|_| |_\__, | / / / /
 =========|_|==============|___/=/_/_/_/
 :: Spring Boot ::                (v2.4.5)

2022-12-17 18:57:57.697  INFO 5752 --- [    Test worker] g.u.g.c.c.PreciosApplicationTests        : Starting PreciosApplicationTests using Java 17.0.5 on LG-Gram with PID 5752 (started by teres in C:\Users\teres\Desktop\ING. INFORMÁTICA\4\computacionnube\p8\compras_cd\compraMicroservicios\usuarios_cd)
2022-12-17 18:57:57.699  INFO 5752 --- [    Test worker] g.u.g.c.c.PreciosApplicationTests        : No active profile set, falling back to default profiles: default
2022-12-17 18:57:58.490  INFO 5752 --- [    Test worker] .s.d.r.c.RepositoryConfigurationDelegate : Bootstrapping Spring Data MongoDB repositories in DEFAULT mode.
2022-12-17 18:57:58.603  INFO 5752 --- [    Test worker] .s.d.r.c.RepositoryConfigurationDelegate : Finished Spring Data repository scanning in 106 ms. Found 1 MongoDB repository interfaces.
2022-12-17 18:57:59.086  INFO 5752 --- [    Test worker] org.mongodb.driver.cluster               : Cluster created with settings {hosts=[tienda_cds:27017], mode=SINGLE, requiredClusterType=UNKNOWN, serverSelectionTimeout='30000 ms'}
2022-12-17 18:57:59.878  INFO 5752 --- [    Test worker] o.s.s.concurrent.ThreadPoolTaskExecutor  : Initializing ExecutorService 'applicationTaskExecutor'
2022-12-17 18:58:00.914  INFO 5752 --- [    Test worker] g.u.g.c.c.PreciosApplicationTests        : Started PreciosApplicationTests in 3.437 seconds (JVM running for 4.639)
]]></system-out>
  <system-err><![CDATA[]]></system-err>
</testsuite>
