<?xml version="1.0" encoding="UTF-8"?>
<testsuite name="gal.usc.grei.cn.listacds.ListaCdsApplicationTests" tests="1" skipped="0" failures="0" errors="0" timestamp="2022-12-17T14:46:53" hostname="e093f8580777" time="0.333">
  <properties/>
  <testcase name="contextLoads()" classname="gal.usc.grei.cn.listacds.ListaCdsApplicationTests" time="0.333"/>
  <system-out><![CDATA[14:46:50.154 [Test worker] DEBUG org.springframework.test.context.BootstrapUtils - Instantiating CacheAwareContextLoaderDelegate from class [org.springframework.test.context.cache.DefaultCacheAwareContextLoaderDelegate]
14:46:50.165 [Test worker] DEBUG org.springframework.test.context.BootstrapUtils - Instantiating BootstrapContext using constructor [public org.springframework.test.context.support.DefaultBootstrapContext(java.lang.Class,org.springframework.test.context.CacheAwareContextLoaderDelegate)]
14:46:50.198 [Test worker] DEBUG org.springframework.test.context.BootstrapUtils - Instantiating TestContextBootstrapper for test class [gal.usc.grei.cn.listacds.ListaCdsApplicationTests] from class [org.springframework.boot.test.context.SpringBootTestContextBootstrapper]
14:46:50.207 [Test worker] INFO org.springframework.boot.test.context.SpringBootTestContextBootstrapper - Neither @ContextConfiguration nor @ContextHierarchy found for test class [gal.usc.grei.cn.listacds.ListaCdsApplicationTests], using SpringBootContextLoader
14:46:50.210 [Test worker] DEBUG org.springframework.test.context.support.AbstractContextLoader - Did not detect default resource location for test class [gal.usc.grei.cn.listacds.ListaCdsApplicationTests]: class path resource [gal/usc/grei/cn/listacds/ListaCdsApplicationTests-context.xml] does not exist
14:46:50.210 [Test worker] DEBUG org.springframework.test.context.support.AbstractContextLoader - Did not detect default resource location for test class [gal.usc.grei.cn.listacds.ListaCdsApplicationTests]: class path resource [gal/usc/grei/cn/listacds/ListaCdsApplicationTestsContext.groovy] does not exist
14:46:50.210 [Test worker] INFO org.springframework.test.context.support.AbstractContextLoader - Could not detect default resource locations for test class [gal.usc.grei.cn.listacds.ListaCdsApplicationTests]: no resource found for suffixes {-context.xml, Context.groovy}.
14:46:50.211 [Test worker] INFO org.springframework.test.context.support.AnnotationConfigContextLoaderUtils - Could not detect default configuration classes for test class [gal.usc.grei.cn.listacds.ListaCdsApplicationTests]: ListaCdsApplicationTests does not declare any static, non-private, non-final, nested classes annotated with @Configuration.
14:46:50.241 [Test worker] DEBUG org.springframework.test.context.support.ActiveProfilesUtils - Could not find an 'annotation declaring class' for annotation type [org.springframework.test.context.ActiveProfiles] and class [gal.usc.grei.cn.listacds.ListaCdsApplicationTests]
14:46:50.287 [Test worker] DEBUG org.springframework.context.annotation.ClassPathScanningCandidateComponentProvider - Identified candidate component class: file [/home/gradle/compraMicroservicios/lista-cds/build/classes/java/main/gal/usc/grei/cn/listacds/ListaCdsApplication.class]
14:46:50.288 [Test worker] INFO org.springframework.boot.test.context.SpringBootTestContextBootstrapper - Found @SpringBootConfiguration gal.usc.grei.cn.listacds.ListaCdsApplication for test class gal.usc.grei.cn.listacds.ListaCdsApplicationTests
14:46:50.372 [Test worker] DEBUG org.springframework.boot.test.context.SpringBootTestContextBootstrapper - @TestExecutionListeners is not present for class [gal.usc.grei.cn.listacds.ListaCdsApplicationTests]: using defaults.
14:46:50.373 [Test worker] INFO org.springframework.boot.test.context.SpringBootTestContextBootstrapper - Loaded default TestExecutionListener class names from location [META-INF/spring.factories]: [org.springframework.boot.test.autoconfigure.restdocs.RestDocsTestExecutionListener, org.springframework.boot.test.autoconfigure.web.client.MockRestServiceServerResetTestExecutionListener, org.springframework.boot.test.autoconfigure.web.servlet.MockMvcPrintOnlyOnFailureTestExecutionListener, org.springframework.boot.test.autoconfigure.web.servlet.WebDriverTestExecutionListener, org.springframework.boot.test.autoconfigure.webservices.client.MockWebServiceServerTestExecutionListener, org.springframework.boot.test.mock.mockito.MockitoTestExecutionListener, org.springframework.boot.test.mock.mockito.ResetMocksTestExecutionListener, org.springframework.test.context.web.ServletTestExecutionListener, org.springframework.test.context.support.DirtiesContextBeforeModesTestExecutionListener, org.springframework.test.context.event.ApplicationEventsTestExecutionListener, org.springframework.test.context.support.DependencyInjectionTestExecutionListener, org.springframework.test.context.support.DirtiesContextTestExecutionListener, org.springframework.test.context.transaction.TransactionalTestExecutionListener, org.springframework.test.context.jdbc.SqlScriptsTestExecutionListener, org.springframework.test.context.event.EventPublishingTestExecutionListener]
14:46:50.385 [Test worker] INFO org.springframework.boot.test.context.SpringBootTestContextBootstrapper - Using TestExecutionListeners: [org.springframework.test.context.web.ServletTestExecutionListener@7b324585, org.springframework.test.context.support.DirtiesContextBeforeModesTestExecutionListener@2e11485, org.springframework.test.context.event.ApplicationEventsTestExecutionListener@60dce7ea, org.springframework.boot.test.mock.mockito.MockitoTestExecutionListener@662f5666, org.springframework.boot.test.autoconfigure.SpringBootDependencyInjectionTestExecutionListener@fd8294b, org.springframework.test.context.support.DirtiesContextTestExecutionListener@5974109, org.springframework.test.context.transaction.TransactionalTestExecutionListener@27305e6, org.springframework.test.context.jdbc.SqlScriptsTestExecutionListener@1ef3efa8, org.springframework.test.context.event.EventPublishingTestExecutionListener@502f1f4c, org.springframework.boot.test.autoconfigure.restdocs.RestDocsTestExecutionListener@6f8f9349, org.springframework.boot.test.autoconfigure.web.client.MockRestServiceServerResetTestExecutionListener@75c9e76b, org.springframework.boot.test.autoconfigure.web.servlet.MockMvcPrintOnlyOnFailureTestExecutionListener@7446d8d5, org.springframework.boot.test.autoconfigure.web.servlet.WebDriverTestExecutionListener@5c3b6c6e, org.springframework.boot.test.autoconfigure.webservices.client.MockWebServiceServerTestExecutionListener@4fbda97b, org.springframework.boot.test.mock.mockito.ResetMocksTestExecutionListener@75f5fd58]
14:46:50.388 [Test worker] DEBUG org.springframework.test.context.support.AbstractDirtiesContextTestExecutionListener - Before test class: context [DefaultTestContext@6f2cb653 testClass = ListaCdsApplicationTests, testInstance = [null], testMethod = [null], testException = [null], mergedContextConfiguration = [WebMergedContextConfiguration@14c01636 testClass = ListaCdsApplicationTests, locations = '{}', classes = '{class gal.usc.grei.cn.listacds.ListaCdsApplication}', contextInitializerClasses = '[]', activeProfiles = '{}', propertySourceLocations = '{}', propertySourceProperties = '{org.springframework.boot.test.context.SpringBootTestContextBootstrapper=true}', contextCustomizers = set[org.springframework.boot.test.autoconfigure.actuate.metrics.MetricsExportContextCustomizerFactory$DisableMetricExportContextCustomizer@63611043, org.springframework.boot.test.autoconfigure.properties.PropertyMappingContextCustomizer@0, org.springframework.boot.test.autoconfigure.web.servlet.WebDriverContextCustomizerFactory$Customizer@5a3bc7ed, org.springframework.boot.test.context.filter.ExcludeFilterContextCustomizer@291f18, org.springframework.boot.test.json.DuplicateJsonObjectContextCustomizerFactory$DuplicateJsonObjectContextCustomizer@16eccb2e, org.springframework.boot.test.mock.mockito.MockitoContextCustomizer@0, org.springframework.boot.test.web.client.TestRestTemplateContextCustomizer@6c4980d3, org.springframework.boot.test.context.SpringBootTestArgs@1, org.springframework.boot.test.context.SpringBootTestWebEnvironment@445b295b], resourceBasePath = 'src/main/webapp', contextLoader = 'org.springframework.boot.test.context.SpringBootContextLoader', parent = [null]], attributes = map['org.springframework.test.context.web.ServletTestExecutionListener.activateListener' -> true]], class annotated with @DirtiesContext [false] with mode [null].
14:46:50.415 [Test worker] DEBUG org.springframework.test.context.support.TestPropertySourceUtils - Adding inlined properties to environment: {spring.jmx.enabled=false, org.springframework.boot.test.context.SpringBootTestContextBootstrapper=true}

  .   ____          _            __ _ _
 /\\ / ___'_ __ _ _(_)_ __  __ _ \ \ \ \
( ( )\___ | '_ | '_| | '_ \/ _` | \ \ \ \
 \\/  ___)| |_)| | | | | || (_| |  ) ) ) )
  '  |____| .__|_| |_|_| |_\__, | / / / /
 =========|_|==============|___/=/_/_/_/
 :: Spring Boot ::                (v2.4.5)

2022-12-17 14:46:50.651  INFO 484 --- [    Test worker] g.u.g.c.l.ListaCdsApplicationTests       : Starting ListaCdsApplicationTests using Java 17.0.5 on e093f8580777 with PID 484 (started by root in /home/gradle/compraMicroservicios/lista-cds)
2022-12-17 14:46:50.654  INFO 484 --- [    Test worker] g.u.g.c.l.ListaCdsApplicationTests       : No active profile set, falling back to default profiles: default
2022-12-17 14:46:51.355  INFO 484 --- [    Test worker] .s.d.r.c.RepositoryConfigurationDelegate : Bootstrapping Spring Data MongoDB repositories in DEFAULT mode.
2022-12-17 14:46:51.396  INFO 484 --- [    Test worker] .s.d.r.c.RepositoryConfigurationDelegate : Finished Spring Data repository scanning in 37 ms. Found 1 MongoDB repository interfaces.
2022-12-17 14:46:51.780  INFO 484 --- [    Test worker] org.mongodb.driver.cluster               : Cluster created with settings {hosts=[tienda_cds:27017], mode=SINGLE, requiredClusterType=UNKNOWN, serverSelectionTimeout='30000 ms'}
2022-12-17 14:46:51.843  INFO 484 --- [ienda_cds:27017] org.mongodb.driver.connection            : Opened connection [connectionId{localValue:2, serverValue:33}] to tienda_cds:27017
2022-12-17 14:46:51.843  INFO 484 --- [ienda_cds:27017] org.mongodb.driver.connection            : Opened connection [connectionId{localValue:1, serverValue:32}] to tienda_cds:27017
2022-12-17 14:46:51.843  INFO 484 --- [ienda_cds:27017] org.mongodb.driver.cluster               : Monitor thread successfully connected to server with description ServerDescription{address=tienda_cds:27017, type=STANDALONE, state=CONNECTED, ok=true, minWireVersion=0, maxWireVersion=17, maxDocumentSize=16777216, logicalSessionTimeoutMinutes=30, roundTripTimeNanos=29555100}
2022-12-17 14:46:52.558  INFO 484 --- [    Test worker] o.s.s.concurrent.ThreadPoolTaskExecutor  : Initializing ExecutorService 'applicationTaskExecutor'
2022-12-17 14:46:53.412  INFO 484 --- [    Test worker] g.u.g.c.l.ListaCdsApplicationTests       : Started ListaCdsApplicationTests in 2.991 seconds (JVM running for 3.9)
]]></system-out>
  <system-err><![CDATA[]]></system-err>
</testsuite>
