<?xml version="1.0" encoding="UTF-8"?>
<testsuite name="gal.usc.grei.cn.listacds.ListaCdsApplicationTests" tests="1" skipped="0" failures="0" errors="0" timestamp="2022-12-12T19:29:13" hostname="e093f8580777" time="0.346">
  <properties/>
  <testcase name="contextLoads()" classname="gal.usc.grei.cn.listacds.ListaCdsApplicationTests" time="0.346"/>
  <system-out><![CDATA[19:29:10.072 [Test worker] DEBUG org.springframework.test.context.BootstrapUtils - Instantiating CacheAwareContextLoaderDelegate from class [org.springframework.test.context.cache.DefaultCacheAwareContextLoaderDelegate]
19:29:10.082 [Test worker] DEBUG org.springframework.test.context.BootstrapUtils - Instantiating BootstrapContext using constructor [public org.springframework.test.context.support.DefaultBootstrapContext(java.lang.Class,org.springframework.test.context.CacheAwareContextLoaderDelegate)]
19:29:10.113 [Test worker] DEBUG org.springframework.test.context.BootstrapUtils - Instantiating TestContextBootstrapper for test class [gal.usc.grei.cn.listacds.ListaCdsApplicationTests] from class [org.springframework.boot.test.context.SpringBootTestContextBootstrapper]
19:29:10.123 [Test worker] INFO org.springframework.boot.test.context.SpringBootTestContextBootstrapper - Neither @ContextConfiguration nor @ContextHierarchy found for test class [gal.usc.grei.cn.listacds.ListaCdsApplicationTests], using SpringBootContextLoader
19:29:10.126 [Test worker] DEBUG org.springframework.test.context.support.AbstractContextLoader - Did not detect default resource location for test class [gal.usc.grei.cn.listacds.ListaCdsApplicationTests]: class path resource [gal/usc/grei/cn/listacds/ListaCdsApplicationTests-context.xml] does not exist
19:29:10.126 [Test worker] DEBUG org.springframework.test.context.support.AbstractContextLoader - Did not detect default resource location for test class [gal.usc.grei.cn.listacds.ListaCdsApplicationTests]: class path resource [gal/usc/grei/cn/listacds/ListaCdsApplicationTestsContext.groovy] does not exist
19:29:10.126 [Test worker] INFO org.springframework.test.context.support.AbstractContextLoader - Could not detect default resource locations for test class [gal.usc.grei.cn.listacds.ListaCdsApplicationTests]: no resource found for suffixes {-context.xml, Context.groovy}.
19:29:10.127 [Test worker] INFO org.springframework.test.context.support.AnnotationConfigContextLoaderUtils - Could not detect default configuration classes for test class [gal.usc.grei.cn.listacds.ListaCdsApplicationTests]: ListaCdsApplicationTests does not declare any static, non-private, non-final, nested classes annotated with @Configuration.
19:29:10.157 [Test worker] DEBUG org.springframework.test.context.support.ActiveProfilesUtils - Could not find an 'annotation declaring class' for annotation type [org.springframework.test.context.ActiveProfiles] and class [gal.usc.grei.cn.listacds.ListaCdsApplicationTests]
19:29:10.202 [Test worker] DEBUG org.springframework.context.annotation.ClassPathScanningCandidateComponentProvider - Identified candidate component class: file [/home/gradle/compraMicroservicios/lista-cds/build/classes/java/main/gal/usc/grei/cn/listacds/ListaCdsApplication.class]
19:29:10.203 [Test worker] INFO org.springframework.boot.test.context.SpringBootTestContextBootstrapper - Found @SpringBootConfiguration gal.usc.grei.cn.listacds.ListaCdsApplication for test class gal.usc.grei.cn.listacds.ListaCdsApplicationTests
19:29:10.288 [Test worker] DEBUG org.springframework.boot.test.context.SpringBootTestContextBootstrapper - @TestExecutionListeners is not present for class [gal.usc.grei.cn.listacds.ListaCdsApplicationTests]: using defaults.
19:29:10.289 [Test worker] INFO org.springframework.boot.test.context.SpringBootTestContextBootstrapper - Loaded default TestExecutionListener class names from location [META-INF/spring.factories]: [org.springframework.boot.test.autoconfigure.restdocs.RestDocsTestExecutionListener, org.springframework.boot.test.autoconfigure.web.client.MockRestServiceServerResetTestExecutionListener, org.springframework.boot.test.autoconfigure.web.servlet.MockMvcPrintOnlyOnFailureTestExecutionListener, org.springframework.boot.test.autoconfigure.web.servlet.WebDriverTestExecutionListener, org.springframework.boot.test.autoconfigure.webservices.client.MockWebServiceServerTestExecutionListener, org.springframework.boot.test.mock.mockito.MockitoTestExecutionListener, org.springframework.boot.test.mock.mockito.ResetMocksTestExecutionListener, org.springframework.test.context.web.ServletTestExecutionListener, org.springframework.test.context.support.DirtiesContextBeforeModesTestExecutionListener, org.springframework.test.context.event.ApplicationEventsTestExecutionListener, org.springframework.test.context.support.DependencyInjectionTestExecutionListener, org.springframework.test.context.support.DirtiesContextTestExecutionListener, org.springframework.test.context.transaction.TransactionalTestExecutionListener, org.springframework.test.context.jdbc.SqlScriptsTestExecutionListener, org.springframework.test.context.event.EventPublishingTestExecutionListener]
19:29:10.300 [Test worker] INFO org.springframework.boot.test.context.SpringBootTestContextBootstrapper - Using TestExecutionListeners: [org.springframework.test.context.web.ServletTestExecutionListener@7b324585, org.springframework.test.context.support.DirtiesContextBeforeModesTestExecutionListener@2e11485, org.springframework.test.context.event.ApplicationEventsTestExecutionListener@60dce7ea, org.springframework.boot.test.mock.mockito.MockitoTestExecutionListener@662f5666, org.springframework.boot.test.autoconfigure.SpringBootDependencyInjectionTestExecutionListener@fd8294b, org.springframework.test.context.support.DirtiesContextTestExecutionListener@5974109, org.springframework.test.context.transaction.TransactionalTestExecutionListener@27305e6, org.springframework.test.context.jdbc.SqlScriptsTestExecutionListener@1ef3efa8, org.springframework.test.context.event.EventPublishingTestExecutionListener@502f1f4c, org.springframework.boot.test.autoconfigure.restdocs.RestDocsTestExecutionListener@6f8f9349, org.springframework.boot.test.autoconfigure.web.client.MockRestServiceServerResetTestExecutionListener@75c9e76b, org.springframework.boot.test.autoconfigure.web.servlet.MockMvcPrintOnlyOnFailureTestExecutionListener@7446d8d5, org.springframework.boot.test.autoconfigure.web.servlet.WebDriverTestExecutionListener@5c3b6c6e, org.springframework.boot.test.autoconfigure.webservices.client.MockWebServiceServerTestExecutionListener@4fbda97b, org.springframework.boot.test.mock.mockito.ResetMocksTestExecutionListener@75f5fd58]
19:29:10.303 [Test worker] DEBUG org.springframework.test.context.support.AbstractDirtiesContextTestExecutionListener - Before test class: context [DefaultTestContext@6f2cb653 testClass = ListaCdsApplicationTests, testInstance = [null], testMethod = [null], testException = [null], mergedContextConfiguration = [WebMergedContextConfiguration@14c01636 testClass = ListaCdsApplicationTests, locations = '{}', classes = '{class gal.usc.grei.cn.listacds.ListaCdsApplication}', contextInitializerClasses = '[]', activeProfiles = '{}', propertySourceLocations = '{}', propertySourceProperties = '{org.springframework.boot.test.context.SpringBootTestContextBootstrapper=true}', contextCustomizers = set[org.springframework.boot.test.autoconfigure.actuate.metrics.MetricsExportContextCustomizerFactory$DisableMetricExportContextCustomizer@63611043, org.springframework.boot.test.autoconfigure.properties.PropertyMappingContextCustomizer@0, org.springframework.boot.test.autoconfigure.web.servlet.WebDriverContextCustomizerFactory$Customizer@5a3bc7ed, org.springframework.boot.test.context.filter.ExcludeFilterContextCustomizer@291f18, org.springframework.boot.test.json.DuplicateJsonObjectContextCustomizerFactory$DuplicateJsonObjectContextCustomizer@16eccb2e, org.springframework.boot.test.mock.mockito.MockitoContextCustomizer@0, org.springframework.boot.test.web.client.TestRestTemplateContextCustomizer@6c4980d3, org.springframework.boot.test.context.SpringBootTestArgs@1, org.springframework.boot.test.context.SpringBootTestWebEnvironment@445b295b], resourceBasePath = 'src/main/webapp', contextLoader = 'org.springframework.boot.test.context.SpringBootContextLoader', parent = [null]], attributes = map['org.springframework.test.context.web.ServletTestExecutionListener.activateListener' -> true]], class annotated with @DirtiesContext [false] with mode [null].
19:29:10.328 [Test worker] DEBUG org.springframework.test.context.support.TestPropertySourceUtils - Adding inlined properties to environment: {spring.jmx.enabled=false, org.springframework.boot.test.context.SpringBootTestContextBootstrapper=true}

  .   ____          _            __ _ _
 /\\ / ___'_ __ _ _(_)_ __  __ _ \ \ \ \
( ( )\___ | '_ | '_| | '_ \/ _` | \ \ \ \
 \\/  ___)| |_)| | | | | || (_| |  ) ) ) )
  '  |____| .__|_| |_|_| |_\__, | / / / /
 =========|_|==============|___/=/_/_/_/
 :: Spring Boot ::                (v2.4.5)

2022-12-12 19:29:10.545  INFO 8775 --- [    Test worker] g.u.g.c.l.ListaCdsApplicationTests       : Starting ListaCdsApplicationTests using Java 17.0.5 on e093f8580777 with PID 8775 (started by root in /home/gradle/compraMicroservicios/lista-cds)
2022-12-12 19:29:10.547  INFO 8775 --- [    Test worker] g.u.g.c.l.ListaCdsApplicationTests       : No active profile set, falling back to default profiles: default
2022-12-12 19:29:11.154  INFO 8775 --- [    Test worker] .s.d.r.c.RepositoryConfigurationDelegate : Bootstrapping Spring Data MongoDB repositories in DEFAULT mode.
2022-12-12 19:29:11.191  INFO 8775 --- [    Test worker] .s.d.r.c.RepositoryConfigurationDelegate : Finished Spring Data repository scanning in 33 ms. Found 1 MongoDB repository interfaces.
2022-12-12 19:29:11.550  INFO 8775 --- [    Test worker] org.mongodb.driver.cluster               : Cluster created with settings {hosts=[mongo_listacds:27019], mode=SINGLE, requiredClusterType=UNKNOWN, serverSelectionTimeout='30000 ms'}
2022-12-12 19:29:11.590  INFO 8775 --- [_listacds:27019] org.mongodb.driver.cluster               : Exception in monitor thread while connecting to server mongo_listacds:27019

com.mongodb.MongoSocketOpenException: Exception opening socket
	at com.mongodb.internal.connection.SocketStream.open(SocketStream.java:70) ~[mongodb-driver-core-4.1.2.jar:na]
	at com.mongodb.internal.connection.InternalStreamConnection.open(InternalStreamConnection.java:143) ~[mongodb-driver-core-4.1.2.jar:na]
	at com.mongodb.internal.connection.DefaultServerMonitor$ServerMonitorRunnable.lookupServerDescription(DefaultServerMonitor.java:188) ~[mongodb-driver-core-4.1.2.jar:na]
	at com.mongodb.internal.connection.DefaultServerMonitor$ServerMonitorRunnable.run(DefaultServerMonitor.java:144) ~[mongodb-driver-core-4.1.2.jar:na]
	at java.base/java.lang.Thread.run(Thread.java:833) ~[na:na]
Caused by: java.net.ConnectException: Connection refused
	at java.base/sun.nio.ch.Net.pollConnect(Native Method) ~[na:na]
	at java.base/sun.nio.ch.Net.pollConnectNow(Net.java:672) ~[na:na]
	at java.base/sun.nio.ch.NioSocketImpl.timedFinishConnect(NioSocketImpl.java:542) ~[na:na]
	at java.base/sun.nio.ch.NioSocketImpl.connect(NioSocketImpl.java:597) ~[na:na]
	at java.base/java.net.SocksSocketImpl.connect(SocksSocketImpl.java:327) ~[na:na]
	at java.base/java.net.Socket.connect(Socket.java:633) ~[na:na]
	at com.mongodb.internal.connection.SocketStreamHelper.initialize(SocketStreamHelper.java:78) ~[mongodb-driver-core-4.1.2.jar:na]
	at com.mongodb.internal.connection.SocketStream.initializeSocket(SocketStream.java:79) ~[mongodb-driver-core-4.1.2.jar:na]
	at com.mongodb.internal.connection.SocketStream.open(SocketStream.java:65) ~[mongodb-driver-core-4.1.2.jar:na]
	... 4 common frames omitted

2022-12-12 19:29:12.246  INFO 8775 --- [    Test worker] o.s.s.concurrent.ThreadPoolTaskExecutor  : Initializing ExecutorService 'applicationTaskExecutor'
2022-12-12 19:29:13.051  INFO 8775 --- [    Test worker] g.u.g.c.l.ListaCdsApplicationTests       : Started ListaCdsApplicationTests in 2.718 seconds (JVM running for 3.602)
]]></system-out>
  <system-err><![CDATA[]]></system-err>
</testsuite>
